\BOOKMARK [0][-]{chapter.1}{\376\377\000R\000e\000g\000i\000m\000e\000s\000\040\000d\000e\000\040\000C\000a\000p\000i\000t\000a\000l\000i\000z\000a\000\347\000\343\000o}{}% 1
\BOOKMARK [1][-]{section.1.1}{\376\377\000C\000o\000n\000c\000e\000i\000t\000o\000\040\000d\000e\000\040\000J\000u\000r\000o\000s}{chapter.1}% 2
\BOOKMARK [1][-]{section.1.2}{\376\377\000J\000u\000r\000o\000s\000\040\000S\000i\000m\000p\000l\000e\000s}{chapter.1}% 3
\BOOKMARK [1][-]{section.1.3}{\376\377\000J\000u\000r\000o\000s\000\040\000C\000o\000m\000p\000o\000s\000t\000o\000s}{chapter.1}% 4
\BOOKMARK [2][-]{subsection.1.3.1}{\376\377\000E\000q\000u\000i\000v\000a\000l\000\352\000n\000c\000i\000a\000\040\000d\000e\000\040\000t\000a\000x\000a\000s}{section.1.3}% 5
\BOOKMARK [2][-]{subsection.1.3.2}{\376\377\000T\000a\000x\000a\000\040\000n\000o\000\040\000p\000e\000r\000\355\000o\000d\000o}{section.1.3}% 6
\BOOKMARK [2][-]{subsection.1.3.3}{\376\377\000T\000a\000x\000a\000\040\000d\000e\000\040\000j\000u\000r\000o\000s\000\040\000v\000a\000r\000i\000\341\000v\000e\000l}{section.1.3}% 7
\BOOKMARK [1][-]{section.1.4}{\376\377\000C\000a\000p\000i\000t\000a\000l\000i\000z\000a\000\347\000\343\000o\000\040\000C\000o\000n\000t\000\355\000n\000u\000a\000\040\000\050\000I\000n\000s\000t\000a\000n\000t\000\342\000n\000e\000a\000\051}{chapter.1}% 8
\BOOKMARK [1][-]{section.1.5}{\376\377\000C\000o\000m\000p\000a\000r\000a\000\347\000\343\000o\000\040\000d\000o\000s\000\040\000R\000e\000g\000i\000m\000e\000s}{chapter.1}% 9
\BOOKMARK [0][-]{chapter.2}{\376\377\000S\000\351\000r\000i\000e\000s\000\040\000F\000i\000n\000i\000t\000a\000s\000\040\040\023\000\040\000C\000a\000p\000i\000t\000a\000l\000i\000z\000a\000\347\000\343\000o\000\040\000P\000e\000r\000i\000\363\000d\000i\000c\000a}{}% 10
\BOOKMARK [1][-]{section.2.1}{\376\377\000V\000i\000s\000\343\000o\000\040\000G\000e\000r\000a\000l}{chapter.2}% 11
\BOOKMARK [1][-]{section.2.2}{\376\377\000S\000o\000m\000a\000\040\000d\000a\000\040\000P\000r\000o\000g\000r\000e\000s\000s\000\343\000o\000\040\000G\000e\000o\000m\000\351\000t\000r\000i\000c\000a}{chapter.2}% 12
\BOOKMARK [1][-]{section.2.3}{\376\377\000S\000\351\000r\000i\000e\000s\000\040\000U\000n\000i\000f\000o\000r\000m\000e\000s\000\040\000V\000e\000n\000c\000i\000d\000a\000s\000\040\000\050\000P\000o\000s\000t\000e\000c\000i\000p\000a\000d\000a\000s\000\051}{chapter.2}% 13
\BOOKMARK [2][-]{subsection.2.3.1}{\376\377\000D\000i\000a\000g\000r\000a\000m\000a\000\040\000d\000e\000\040\000f\000l\000u\000x\000o\000\040\000d\000e\000\040\000c\000a\000i\000x\000a}{section.2.3}% 14
\BOOKMARK [2][-]{subsection.2.3.2}{\376\377\000F\000\363\000r\000m\000u\000l\000a\000\040\000d\000o\000\040\000v\000a\000l\000o\000r\000\040\000f\000u\000t\000u\000r\000o\000\040\000\050\000m\000o\000n\000t\000a\000n\000t\000e\000\051}{section.2.3}% 15
\BOOKMARK [2][-]{subsection.2.3.3}{\376\377\000F\000\363\000r\000m\000u\000l\000a\000\040\000d\000o\000\040\000v\000a\000l\000o\000r\000\040\000p\000r\000e\000s\000e\000n\000t\000e}{section.2.3}% 16
\BOOKMARK [1][-]{section.2.4}{\376\377\000S\000\351\000r\000i\000e\000\040\000A\000n\000t\000e\000c\000i\000p\000a\000d\000a}{chapter.2}% 17
\BOOKMARK [1][-]{section.2.5}{\376\377\000S\000\351\000r\000i\000e\000s\000\040\000c\000o\000m\000\040\000P\000a\000g\000a\000m\000e\000n\000t\000o\000s\000\040\000V\000a\000r\000i\000\341\000v\000e\000i\000s}{chapter.2}% 18
\BOOKMARK [1][-]{section.2.6}{\376\377\000S\000\351\000r\000i\000e\000s\000\040\000e\000m\000\040\000P\000r\000o\000g\000r\000e\000s\000s\000\343\000o\000\040\000A\000r\000i\000t\000m\000\351\000t\000i\000c\000a\000\040\000\050\000G\000r\000a\000d\000i\000e\000n\000t\000e\000\051}{chapter.2}% 19
\BOOKMARK [2][-]{subsection.2.6.1}{\376\377\000G\000r\000a\000d\000i\000e\000n\000t\000e\000\040\000c\000r\000e\000s\000c\000e\000n\000t\000e}{section.2.6}% 20
\BOOKMARK [2][-]{subsection.2.6.2}{\376\377\000G\000r\000a\000d\000i\000e\000n\000t\000e\000\040\000d\000e\000c\000r\000e\000s\000c\000e\000n\000t\000e}{section.2.6}% 21
\BOOKMARK [1][-]{section.2.7}{\376\377\000S\000\351\000r\000i\000e\000\040\000c\000o\000m\000\040\000V\000a\000l\000o\000r\000\040\000I\000n\000i\000c\000i\000a\000l\000\040\000D\000i\000f\000e\000r\000e\000n\000t\000e\000\040\000d\000a\000\040\000R\000a\000z\000\343\000o}{chapter.2}% 22
\BOOKMARK [1][-]{section.2.8}{\376\377\000S\000\351\000r\000i\000e\000s\000\040\000e\000m\000\040\000P\000r\000o\000g\000r\000e\000s\000s\000\343\000o\000\040\000G\000e\000o\000m\000\351\000t\000r\000i\000c\000a}{chapter.2}% 23
\BOOKMARK [0][-]{chapter.3}{\376\377\000S\000\351\000r\000i\000e\000s\000\040\000F\000i\000n\000i\000t\000a\000s\000\040\040\023\000\040\000C\000a\000p\000i\000t\000a\000l\000i\000z\000a\000\347\000\343\000o\000\040\000I\000n\000s\000t\000a\000n\000t\000\342\000n\000e\000a}{}% 24
\BOOKMARK [1][-]{section.3.1}{\376\377\000M\000o\000t\000i\000v\000a\000\347\000\343\000o}{chapter.3}% 25
\BOOKMARK [1][-]{section.3.2}{\376\377\000S\000\351\000r\000i\000e\000s\000\040\000D\000i\000s\000c\000r\000e\000t\000a\000s\000\040\000c\000o\000m\000\040\000T\000a\000x\000a\000\040\000C\000o\000n\000t\000\355\000n\000u\000a}{chapter.3}% 26
\BOOKMARK [1][-]{section.3.3}{\376\377\000C\000o\000m\000p\000a\000r\000a\000\347\000\343\000o\000:\000\040\000J\000u\000r\000o\000s\000\040\000C\000o\000m\000p\000o\000s\000t\000o\000s\000\040\000v\000s\000.\000\040\000J\000u\000r\000o\000s\000\040\000C\000o\000n\000t\000\355\000n\000u\000o\000s}{chapter.3}% 27
\BOOKMARK [1][-]{section.3.4}{\376\377\000S\000\351\000r\000i\000e\000s\000\040\000C\000o\000n\000t\000\355\000n\000u\000a\000s\000\040\000\050\000F\000l\000u\000x\000o\000\040\000I\000n\000i\000n\000t\000e\000r\000r\000u\000p\000t\000o\000\051}{chapter.3}% 28
\BOOKMARK [0][-]{chapter.4}{\376\377\000S\000\351\000r\000i\000e\000s\000\040\000I\000n\000f\000i\000n\000i\000t\000a\000s\000\040\040\023\000\040\000P\000e\000r\000p\000e\000t\000u\000i\000d\000a\000d\000e\000s}{}% 29
\BOOKMARK [1][-]{section.4.1}{\376\377\000M\000o\000t\000i\000v\000a\000\347\000\343\000o}{chapter.4}% 30
\BOOKMARK [1][-]{section.4.2}{\376\377\000S\000\351\000r\000i\000e\000s\000\040\000D\000i\000s\000c\000r\000e\000t\000a\000s}{chapter.4}% 31
\BOOKMARK [2][-]{subsection.4.2.1}{\376\377\000P\000e\000r\000p\000e\000t\000u\000i\000d\000a\000d\000e\000\040\000U\000n\000i\000f\000o\000r\000m\000e}{section.4.2}% 32
\BOOKMARK [2][-]{subsection.4.2.2}{\376\377\000P\000e\000r\000p\000e\000t\000u\000i\000d\000a\000d\000e\000\040\000e\000m\000\040\000P\000A\000\040\000\050\000G\000r\000a\000d\000i\000e\000n\000t\000e\000\040\000C\000r\000e\000s\000c\000e\000n\000t\000e\000\051}{section.4.2}% 33
\BOOKMARK [2][-]{subsection.4.2.3}{\376\377\000P\000e\000r\000p\000e\000t\000u\000i\000d\000a\000d\000e\000\040\000e\000m\000\040\000P\000G}{section.4.2}% 34
\BOOKMARK [1][-]{section.4.3}{\376\377\000S\000\351\000r\000i\000e\000s\000\040\000C\000o\000n\000t\000\355\000n\000u\000a\000s}{chapter.4}% 35
\BOOKMARK [2][-]{subsection.4.3.1}{\376\377\000P\000e\000r\000p\000e\000t\000u\000i\000d\000a\000d\000e\000\040\000U\000n\000i\000f\000o\000r\000m\000e\000\040\000C\000o\000n\000t\000\355\000n\000u\000a}{section.4.3}% 36
\BOOKMARK [2][-]{subsection.4.3.2}{\376\377\000P\000e\000r\000p\000e\000t\000u\000i\000d\000a\000d\000e\000\040\000G\000r\000a\000d\000i\000e\000n\000t\000e\000\040\000C\000r\000e\000s\000c\000e\000n\000t\000e\000\040\000C\000o\000n\000t\000\355\000n\000u\000a}{section.4.3}% 37
\BOOKMARK [2][-]{subsection.4.3.3}{\376\377\000P\000e\000r\000p\000e\000t\000u\000i\000d\000a\000d\000e\000\040\000G\000e\000o\000m\000\351\000t\000r\000i\000c\000a\000\040\000D\000i\000s\000c\000r\000e\000t\000a\000\040\000F\000i\000n\000i\000t\000a\000\040\000\050\000r\000e\000v\000i\000s\000\343\000o\000\051}{section.4.3}% 38
\BOOKMARK [1][-]{section.4.4}{\376\377\000M\000o\000d\000e\000l\000o\000\040\000d\000e\000\040\000G\000o\000r\000d\000o\000n}{chapter.4}% 39
\BOOKMARK [0][-]{chapter.5}{\376\377\000A\000m\000o\000r\000t\000i\000z\000a\000\347\000\343\000o\000\040\000d\000e\000\040\000D\000\355\000v\000i\000d\000a\000s}{}% 40
\BOOKMARK [1][-]{section.5.1}{\376\377\000E\000s\000t\000r\000u\000t\000u\000r\000a\000\040\000G\000e\000r\000a\000l\000\040\000d\000e\000\040\000u\000m\000a\000\040\000P\000r\000e\000s\000t\000a\000\347\000\343\000o}{chapter.5}% 41
\BOOKMARK [1][-]{section.5.2}{\376\377\000S\000i\000s\000t\000e\000m\000a\000\040\000P\000R\000I\000C\000E\000\040\000\050\000F\000r\000a\000n\000c\000\352\000s\000\051}{chapter.5}% 42
\BOOKMARK [1][-]{section.5.3}{\376\377\000S\000i\000s\000t\000e\000m\000a\000\040\000S\000A\000C\000\040\000\050\000C\000o\000n\000s\000t\000a\000n\000t\000e\000\051}{chapter.5}% 43
\BOOKMARK [1][-]{section.5.4}{\376\377\000S\000i\000s\000t\000e\000m\000a\000\040\000A\000m\000e\000r\000i\000c\000a\000n\000o\000\040\000e\000\040\000S\000i\000n\000k\000i\000n\000g\000\040\000F\000u\000n\000d}{chapter.5}% 44
\BOOKMARK [1][-]{section.5.5}{\376\377\000T\000a\000b\000e\000l\000a\000s\000\040\000d\000e\000\040\000A\000m\000o\000r\000t\000i\000z\000a\000\347\000\343\000o}{chapter.5}% 45
\BOOKMARK [2][-]{subsection.5.5.1}{\376\377\000E\000x\000e\000m\000p\000l\000o\000\040\000c\000o\000m\000p\000l\000e\000t\000o\000:\000\040\000P\000R\000I\000C\000E\000\040\000e\000\040\000S\000A\000C}{section.5.5}% 46
\BOOKMARK [1][-]{section.5.6}{\376\377\000C\000o\000m\000p\000a\000r\000a\000\347\000\343\000o\000\040\000S\000A\000C\000\040\000\040\000P\000R\000I\000C\000E}{chapter.5}% 47
\BOOKMARK [0][-]{chapter.6}{\376\377\000F\000o\000r\000m\000a\000s\000\040\000d\000e\000\040\000C\000o\000t\000a\000r\000\040\000a\000\040\000T\000a\000x\000a\000\040\000d\000e\000\040\000J\000u\000r\000o\000s}{}% 48
\BOOKMARK [1][-]{section.6.1}{\376\377\000O\000b\000j\000e\000t\000i\000v\000o}{chapter.6}% 49
\BOOKMARK [1][-]{section.6.2}{\376\377\000C\000o\000n\000v\000e\000n\000\347\000\365\000e\000s\000\040\000d\000e\000\040\000C\000o\000n\000t\000a\000g\000e\000m\000\040\000d\000e\000\040\000D\000i\000a\000s}{chapter.6}% 50
\BOOKMARK [1][-]{section.6.3}{\376\377\000T\000a\000x\000a\000\040\000N\000o\000m\000i\000n\000a\000l\000\040\000v\000s\000.\000\040\000T\000a\000x\000a\000\040\000E\000f\000e\000t\000i\000v\000a}{chapter.6}% 51
\BOOKMARK [2][-]{subsection.6.3.1}{\376\377\000E\000q\000u\000i\000v\000a\000l\000\352\000n\000c\000i\000a\000\040\000d\000e\000\040\000t\000a\000x\000a\000s}{section.6.3}% 52
\BOOKMARK [1][-]{section.6.4}{\376\377\000T\000a\000x\000a\000\040\000d\000e\000\040\000J\000u\000r\000o\000s\000\040\000R\000e\000a\000l}{chapter.6}% 53
\BOOKMARK [2][-]{subsection.6.4.1}{\376\377\000M\000o\000t\000i\000v\000a\000\347\000\343\000o}{section.6.4}% 54
\BOOKMARK [2][-]{subsection.6.4.2}{\376\377\000D\000e\000r\000i\000v\000a\000\347\000\343\000o\000\040\000d\000a\000\040\000E\000q\000u\000a\000\347\000\343\000o\000\040\000d\000e\000\040\000F\000i\000s\000h\000e\000r}{section.6.4}% 55
\BOOKMARK [2][-]{subsection.6.4.3}{\376\377\000T\000a\000x\000a\000\040\000r\000e\000a\000l\000\040\000c\000o\000m\000\040\000c\000a\000p\000i\000t\000a\000l\000i\000z\000a\000\347\000\343\000o\000\040\000c\000o\000n\000t\000\355\000n\000u\000a}{section.6.4}% 56
\BOOKMARK [2][-]{subsection.6.4.4}{\376\377\000C\000a\000s\000o\000\040\000m\000a\000i\000s\000\040\000r\000e\000a\000l\000i\000s\000t\000a\000:\000\040\000i\000n\000f\000l\000a\000\347\000\343\000o\000\040\000v\000a\000r\000i\000\341\000v\000e\000l}{section.6.4}% 57
\BOOKMARK [1][-]{section.6.5}{\376\377\000F\000l\000u\000x\000o\000\040\000d\000e\000\040\000C\000a\000i\000x\000a\000\040\000R\000e\000a\000l}{chapter.6}% 58
\BOOKMARK [1][-]{section.6.6}{\376\377\000P\000e\000r\000p\000e\000t\000u\000i\000d\000a\000d\000e\000\040\000c\000o\000m\000\040\000I\000n\000f\000l\000a\000\347\000\343\000o\000\040\000\050\000F\000i\000s\000h\000e\000r\000\040\000+\000\040\000G\000o\000r\000d\000o\000n\000\051}{chapter.6}% 59
\BOOKMARK [0][-]{chapter.7}{\376\377\000A\000n\000\341\000l\000i\000s\000e\000\040\000d\000e\000\040\000I\000n\000v\000e\000s\000t\000i\000m\000e\000n\000t\000o\000s}{}% 60
\BOOKMARK [1][-]{section.7.1}{\376\377\000R\000i\000s\000c\000o\000\040\000e\000\040\000R\000e\000t\000o\000r\000n\000o\000:\000\040\000I\000n\000t\000r\000o\000d\000u\000\347\000\343\000o}{chapter.7}% 61
\BOOKMARK [1][-]{section.7.2}{\376\377\000V\000a\000l\000o\000r\000\040\000P\000r\000e\000s\000e\000n\000t\000e\000\040\000L\000\355\000q\000u\000i\000d\000o\000\040\000\050\000V\000P\000L\000\051}{chapter.7}% 62
\BOOKMARK [2][-]{subsection.7.2.1}{\376\377\000R\000e\000g\000r\000a\000\040\000d\000e\000\040\000d\000e\000c\000i\000s\000\343\000o}{section.7.2}% 63
\BOOKMARK [2][-]{subsection.7.2.2}{\376\377\000P\000r\000o\000p\000r\000i\000e\000d\000a\000d\000e\000s\000\040\000d\000a\000\040\000f\000u\000n\000\347\000\343\000o\000\040\000V\000P\000L}{section.7.2}% 64
\BOOKMARK [1][-]{section.7.3}{\376\377\000T\000a\000x\000a\000\040\000I\000n\000t\000e\000r\000n\000a\000\040\000d\000e\000\040\000R\000e\000t\000o\000r\000n\000o\000\040\000\050\000T\000I\000R\000\051}{chapter.7}% 65
\BOOKMARK [2][-]{subsection.7.3.1}{\376\377\000U\000n\000i\000c\000i\000d\000a\000d\000e\000\040\000d\000a\000\040\000T\000I\000R\000\040\040\023\000\040\000R\000e\000g\000r\000a\000\040\000d\000e\000\040\000D\000e\000s\000c\000a\000r\000t\000e\000s}{section.7.3}% 66
\BOOKMARK [1][-]{section.7.4}{\376\377\000M\000\351\000t\000o\000d\000o\000\040\000d\000e\000\040\000N\000e\000w\000t\000o\000n\040\023\000R\000a\000p\000h\000s\000o\000n\000\040\000p\000a\000r\000a\000\040\000C\000a\000l\000c\000u\000l\000a\000r\000\040\000a\000\040\000T\000I\000R}{chapter.7}% 67
\BOOKMARK [1][-]{section.7.5}{\376\377\000V\000P\000L\000\040\000v\000s\000.\000\040\000T\000I\000R\000:\000\040\000C\000o\000n\000f\000l\000i\000t\000o\000s}{chapter.7}% 68
\BOOKMARK [2][-]{subsection.7.5.1}{\376\377\000P\000r\000o\000j\000e\000t\000o\000s\000\040\000d\000e\000\040\000e\000s\000c\000a\000l\000a\000s\000\040\000d\000i\000f\000e\000r\000e\000n\000t\000e\000s}{section.7.5}% 69
\BOOKMARK [2][-]{subsection.7.5.2}{\376\377\000P\000r\000o\000j\000e\000t\000o\000s\000\040\000c\000o\000m\000\040\000c\000i\000c\000l\000o\000s\000\040\000d\000e\000\040\000v\000i\000d\000a\000\040\000d\000i\000f\000e\000r\000e\000n\000t\000e\000s}{section.7.5}% 70
\BOOKMARK [1][-]{section.7.6}{\376\377\000T\000I\000R\000\040\000M\000o\000d\000i\000f\000i\000c\000a\000d\000a\000\040\000\050\000T\000I\000R\000M\000\051}{chapter.7}% 71
\BOOKMARK [1][-]{section.7.7}{\376\377\000\315\000n\000d\000i\000c\000e\000\040\000d\000e\000\040\000S\000h\000a\000r\000p\000e\000\040\000e\000\040\000R\000i\000s\000c\000o}{chapter.7}% 72
\BOOKMARK [0][-]{chapter.8}{\376\377\000T\000\355\000t\000u\000l\000o\000s\000\040\000P\000\372\000b\000l\000i\000c\000o\000s}{}% 73
\BOOKMARK [1][-]{section.8.1}{\376\377\000M\000o\000t\000i\000v\000a\000\347\000\343\000o\000:\000\040\000C\000o\000m\000o\000\040\000o\000\040\000G\000o\000v\000e\000r\000n\000o\000\040\000s\000e\000\040\000F\000i\000n\000a\000n\000c\000i\000a}{chapter.8}% 74
\BOOKMARK [1][-]{section.8.2}{\376\377\000T\000e\000s\000o\000u\000r\000o\000\040\000D\000i\000r\000e\000t\000o\000\040\040\023\000\040\000V\000i\000s\000\343\000o\000\040\000G\000e\000r\000a\000l}{chapter.8}% 75
\BOOKMARK [2][-]{subsection.8.2.1}{\376\377\000R\000e\000q\000u\000i\000s\000i\000t\000o\000s\000\040\000e\000\040\000o\000p\000e\000r\000a\000c\000i\000o\000n\000a\000l\000i\000z\000a\000\347\000\343\000o}{section.8.2}% 76
\BOOKMARK [2][-]{subsection.8.2.2}{\376\377\000L\000i\000q\000u\000i\000d\000a\000\347\000\343\000o}{section.8.2}% 77
\BOOKMARK [2][-]{subsection.8.2.3}{\376\377\000I\000m\000p\000o\000s\000t\000o\000\040\000d\000e\000\040\000r\000e\000n\000d\000a}{section.8.2}% 78
\BOOKMARK [2][-]{subsection.8.2.4}{\376\377\000T\000\355\000t\000u\000l\000o\000s\000\040\000d\000i\000s\000p\000o\000n\000\355\000v\000e\000i\000s}{section.8.2}% 79
\BOOKMARK [2][-]{subsection.8.2.5}{\376\377\000L\000i\000m\000i\000t\000e\000s}{section.8.2}% 80
\BOOKMARK [1][-]{section.8.3}{\376\377\000T\000e\000s\000o\000u\000r\000o\000\040\000S\000e\000l\000i\000c\000\040\000\050\000L\000F\000T\000\051}{chapter.8}% 81
\BOOKMARK [2][-]{subsection.8.3.1}{\376\377\000F\000l\000u\000x\000o\000\040\000d\000e\000\040\000c\000a\000i\000x\000a\000\040\000e\000\040\000v\000a\000l\000o\000r\000\040\000d\000e\000\040\000r\000e\000s\000g\000a\000t\000e}{section.8.3}% 82
\BOOKMARK [1][-]{section.8.4}{\376\377\000L\000T\000N\000\040\000\050\000T\000e\000s\000o\000u\000r\000o\000\040\000P\000r\000e\000f\000i\000x\000a\000d\000o\000\051}{chapter.8}% 83
\BOOKMARK [1][-]{section.8.5}{\376\377\000N\000T\000N\000-\000F\000\040\000\050\000T\000e\000s\000o\000u\000r\000o\000\040\000P\000r\000e\000f\000i\000x\000a\000d\000o\000\040\000c\000o\000m\000\040\000J\000u\000r\000o\000s\000\040\000S\000e\000m\000e\000s\000t\000r\000a\000i\000s\000\051}{chapter.8}% 84
\BOOKMARK [1][-]{section.8.6}{\376\377\000N\000T\000N\000-\000B\000\040\000\050\000T\000e\000s\000o\000u\000r\000o\000\040\000I\000P\000C\000A\000+\000\051}{chapter.8}% 85
\BOOKMARK [2][-]{subsection.8.6.1}{\376\377\000C\000\341\000l\000c\000u\000l\000o\000\040\000d\000o\000\040\000V\000N\000A\000\040\000\050\000V\000a\000l\000o\000r\000\040\000N\000o\000m\000i\000n\000a\000l\000\040\000A\000t\000u\000a\000l\000i\000z\000a\000d\000o\000\051}{section.8.6}% 86
\BOOKMARK [2][-]{subsection.8.6.2}{\376\377\000C\000o\000t\000a\000\347\000\343\000o\000\040\000e\000\040\000P\000r\000e\000\347\000o}{section.8.6}% 87
\BOOKMARK [1][-]{section.8.7}{\376\377\000Y\000i\000e\000l\000d\000\040\000t\000o\000\040\000M\000a\000t\000u\000r\000i\000t\000y\000\040\000\050\000Y\000T\000M\000\051\000\040\000e\000\040\000Y\000T\000M\000\040\000M\000o\000d\000i\000f\000i\000c\000a\000d\000a}{chapter.8}% 88
